[debug] [2023-02-26T09:51:34.912Z] ----------------------------------------------------------------------
[debug] [2023-02-26T09:51:34.926Z] Command:       /usr/local/bin/firebase /home/kali/.cache/firebase/tools/lib/node_modules/firebase-tools/lib/bin/firebase init
[debug] [2023-02-26T09:51:34.927Z] CLI Version:   11.22.0
[debug] [2023-02-26T09:51:34.927Z] Platform:      linux
[debug] [2023-02-26T09:51:34.927Z] Node Version:  v16.16.0
[debug] [2023-02-26T09:51:34.938Z] Time:          Sun Feb 26 2023 15:51:34 GMT+0600 (Bangladesh Standard Time)
[debug] [2023-02-26T09:51:34.938Z] ----------------------------------------------------------------------
[debug] 
[debug] [2023-02-26T09:51:34.942Z] >>> [apiv2][query] GET https://firebase-public.firebaseio.com/cli.json [none]
[debug] [2023-02-26T09:51:34.971Z] > command requires scopes: ["email","openid","https://www.googleapis.com/auth/cloudplatformprojects.readonly","https://www.googleapis.com/auth/firebase","https://www.googleapis.com/auth/cloud-platform"]
[debug] [2023-02-26T09:51:34.972Z] > authorizing via signed-in user (bluestacktazin@gmail.com)
[info] 
     ######## #### ########  ######## ########     ###     ######  ########
     ##        ##  ##     ## ##       ##     ##  ##   ##  ##       ##
     ######    ##  ########  ######   ########  #########  ######  ######
     ##        ##  ##    ##  ##       ##     ## ##     ##       ## ##
     ##       #### ##     ## ######## ########  ##     ##  ######  ########

You're about to initialize a Firebase project in this directory:

  /var/www/web_dev/dev_tz/WebsiteDeveloping/under_developing/fiverr/willgas_projects

Before we get started, keep in mind:

  * You are currently outside your home directory

[debug] [2023-02-26T09:51:35.700Z] <<< [apiv2][status] GET https://firebase-public.firebaseio.com/cli.json 200
[debug] [2023-02-26T09:51:35.711Z] <<< [apiv2][body] GET https://firebase-public.firebaseio.com/cli.json {"cloudBuildErrorAfter":1594252800000,"cloudBuildWarnAfter":1590019200000,"defaultNode10After":1594252800000,"minVersion":"3.0.5","node8DeploysDisabledAfter":1613390400000,"node8RuntimeDisabledAfter":1615809600000,"node8WarnAfter":1600128000000}
